<?xml version="1.0" encoding="UTF-8"?>
<testsuites name="API Register" time="2.529" tests="2" failures="0" errors="0">
   <testsuite name="API Register" tests="2" failures="0" errors="0" time="2.529" skipped="0" timestamp="19-06-2025T20:25:54" hostname="mac - localhost" id="Test Suites/API Register">
      <properties>
         <property name="deviceName" value=""/>
         <property name="devicePlatform"/>
         <property name="logFolder" value="/Users/mac/git/api-ismi-afteroffice-katalon/Reports/20250619_202537/API Register/20250619_202540"/>
         <property name="logFiles" value="/Users/mac/git/api-ismi-afteroffice-katalon/Reports/20250619_202537/API Register/20250619_202540/execution0.log, /Users/mac/git/api-ismi-afteroffice-katalon/Reports/20250619_202537/API Register/20250619_202540/console0.log"/>
         <property name="attachments" value=""/>
         <property name="userFullName" value="Ismi Rizki Sopiyanti"/>
         <property name="hostName" value="mac - localhost"/>
         <property name="hostAddress" value="127.0.0.1"/>
         <property name="projectName" value="api-ismi-afteroffice-katalon"/>
         <property name="os" value="Mac OS X 64bit"/>
         <property name="katalonVersion" value="10.2.0.0"/>
      </properties>
      <testcase name="Test Cases/Register Failed" time="1.665" classname="Test Cases/Register Failed" status="PASSED">
         <system-out><![CDATA[19-06-2025T20:25:54 - [TEST_CASE][PASSED] - Test Cases/Register Failed: Test Cases/Register Failed

19-06-2025T20:25:54 - [TEST_STEP][PASSED] - response = sendRequest(findTestObject("POST_Register_Failed")): Send request successfully

19-06-2025T20:25:56 - [MESSAGE][INFO] - HAR: /Users/mac/git/api-ismi-afteroffice-katalon/Reports/20250619_202537/API Register/20250619_202540/requests/main/POST_Regi..._Failed_0.har

19-06-2025T20:25:56 - [MESSAGE][PASSED] - Send request successfully

19-06-2025T20:25:56 - [TEST_STEP][PASSED] - verifyResponseStatusCode(response, 400): Verify response status code successfully

19-06-2025T20:25:56 - [MESSAGE][PASSED] - Verify response status code successfully

19-06-2025T20:25:56 - [TEST_STEP][PASSED] - verifyElementPropertyValue(response, "error", "Missing password"): Verify element property value successfully

19-06-2025T20:25:56 - [MESSAGE][PASSED] - Verify element property value successfully]]></system-out>
         <system-err><![CDATA[]]></system-err>
      </testcase>
      <testcase name="Test Cases/Register Success" time="0.602" classname="Test Cases/Register Success" status="PASSED">
         <system-out><![CDATA[19-06-2025T20:25:56 - [TEST_CASE][PASSED] - Test Cases/Register Success: Test Cases/Register Success

19-06-2025T20:25:56 - [TEST_STEP][PASSED] - response = sendRequest(findTestObject("POST_Register_Success")): Send request successfully

19-06-2025T20:25:56 - [MESSAGE][INFO] - HAR: /Users/mac/git/api-ismi-afteroffice-katalon/Reports/20250619_202537/API Register/20250619_202540/requests/main/POST_Regi...Success_1.har

19-06-2025T20:25:56 - [MESSAGE][PASSED] - Send request successfully

19-06-2025T20:25:56 - [TEST_STEP][PASSED] - verifyResponseStatusCode(response, 200): Verify response status code successfully

19-06-2025T20:25:56 - [MESSAGE][PASSED] - Verify response status code successfully

19-06-2025T20:25:56 - [TEST_STEP][PASSED] - verifyElementPropertyValue(response, "token", "QpwL5tke4Pnpja7X4"): Verify element property value successfully

19-06-2025T20:25:56 - [MESSAGE][PASSED] - Verify element property value successfully]]></system-out>
         <system-err><![CDATA[]]></system-err>
      </testcase>
      <system-out><![CDATA[19-06-2025T20:25:54 - [TEST_SUITE][PASSED] - API Register: Test Cases/Register Success]]></system-out>
      <system-err><![CDATA[]]></system-err>
   </testsuite>
</testsuites>
